c:\users\jzn\documents\courses\2021-2022\3dprog\assignment 1 - ray tracer\raytracingdemo\raytracingdemo\x64\release\vc142.pdb
c:\users\jzn\documents\courses\2021-2022\3dprog\assignment 1 - ray tracer\raytracingdemo\raytracingdemo\x64\release\vector3d.obj
c:\users\jzn\documents\courses\2021-2022\3dprog\assignment 1 - ray tracer\raytracingdemo\raytracingdemo\x64\release\triangle.obj
c:\users\jzn\documents\courses\2021-2022\3dprog\assignment 1 - ray tracer\raytracingdemo\raytracingdemo\x64\release\sphere.obj
c:\users\jzn\documents\courses\2021-2022\3dprog\assignment 1 - ray tracer\raytracingdemo\raytracingdemo\x64\release\shape.obj
c:\users\jzn\documents\courses\2021-2022\3dprog\assignment 1 - ray tracer\raytracingdemo\raytracingdemo\x64\release\ray.obj
c:\users\jzn\documents\courses\2021-2022\3dprog\assignment 1 - ray tracer\raytracingdemo\raytracingdemo\x64\release\plane.obj
c:\users\jzn\documents\courses\2021-2022\3dprog\assignment 1 - ray tracer\raytracingdemo\raytracingdemo\x64\release\obb.obj
c:\users\jzn\documents\courses\2021-2022\3dprog\assignment 1 - ray tracer\raytracingdemo\raytracingdemo\x64\release\main.obj
c:\users\jzn\documents\courses\2021-2022\3dprog\assignment 1 - ray tracer\raytracingdemo\raytracingdemo\x64\release\disc.obj
c:\users\jzn\documents\courses\2021-2022\3dprog\assignment 1 - ray tracer\raytracingdemo\raytracingdemo\x64\release\basictests.obj
c:\users\jzn\documents\courses\2021-2022\3dprog\assignment 1 - ray tracer\raytracingdemo\x64\release\raytracingdemo.exe
c:\users\jzn\documents\courses\2021-2022\3dprog\assignment 1 - ray tracer\raytracingdemo\raytracingdemo\x64\release\raytracingdemo.ipdb
c:\users\jzn\documents\courses\2021-2022\3dprog\assignment 1 - ray tracer\raytracingdemo\raytracingdemo\x64\release\raytracingdemo.iobj
c:\users\jzn\documents\courses\2021-2022\3dprog\assignment 1 - ray tracer\raytracingdemo\x64\release\raytracingdemo.pdb
c:\users\jzn\documents\courses\2021-2022\3dprog\assignment 1 - ray tracer\mall\raytracingdemo\x64\release\basictests.obj
c:\users\jzn\documents\courses\2021-2022\3dprog\assignment 1 - ray tracer\mall\raytracingdemo\x64\release\disc.obj
c:\users\jzn\documents\courses\2021-2022\3dprog\assignment 1 - ray tracer\mall\raytracingdemo\x64\release\main.obj
c:\users\jzn\documents\courses\2021-2022\3dprog\assignment 1 - ray tracer\mall\raytracingdemo\x64\release\obb.obj
c:\users\jzn\documents\courses\2021-2022\3dprog\assignment 1 - ray tracer\mall\raytracingdemo\x64\release\plane.obj
c:\users\jzn\documents\courses\2021-2022\3dprog\assignment 1 - ray tracer\mall\raytracingdemo\x64\release\ray.obj
c:\users\jzn\documents\courses\2021-2022\3dprog\assignment 1 - ray tracer\mall\raytracingdemo\x64\release\shape.obj
c:\users\jzn\documents\courses\2021-2022\3dprog\assignment 1 - ray tracer\mall\raytracingdemo\x64\release\sphere.obj
c:\users\jzn\documents\courses\2021-2022\3dprog\assignment 1 - ray tracer\mall\raytracingdemo\x64\release\triangle.obj
c:\users\jzn\documents\courses\2021-2022\3dprog\assignment 1 - ray tracer\mall\raytracingdemo\x64\release\vector3d.obj
c:\users\jzn\documents\courses\2021-2022\3dprog\assignment 1 - ray tracer\mall\raytracingdemo\x64\release\raytracingdemo.ipdb
c:\users\jzn\documents\courses\2021-2022\3dprog\assignment 1 - ray tracer\mall\raytracingdemo\x64\release\raytracingdemo.iobj
c:\users\jzn\documents\courses\2021-2022\3dprog\assignment 1 - ray tracer\mall\raytracingdemo\x64\release\vc142.pdb
c:\users\jzn\documents\courses\2021-2022\3dprog\assignment 1 - ray tracer\mall\x64\release\raytracingdemo.pdb
c:\users\jzn\documents\courses\2021-2022\3dprog\assignment 1 - ray tracer\mall\x64\release\raytracingdemo.exe
c:\users\jzn\documents\courses\2021-2022\3dprog\assignment 1 - ray tracer\mall\raytracingdemo\x64\release\raytracingdemo.tlog\cl.command.1.tlog
c:\users\jzn\documents\courses\2021-2022\3dprog\assignment 1 - ray tracer\mall\raytracingdemo\x64\release\raytracingdemo.tlog\cl.read.1.tlog
c:\users\jzn\documents\courses\2021-2022\3dprog\assignment 1 - ray tracer\mall\raytracingdemo\x64\release\raytracingdemo.tlog\cl.write.1.tlog
c:\users\jzn\documents\courses\2021-2022\3dprog\assignment 1 - ray tracer\mall\raytracingdemo\x64\release\raytracingdemo.tlog\link.command.1.tlog
c:\users\jzn\documents\courses\2021-2022\3dprog\assignment 1 - ray tracer\mall\raytracingdemo\x64\release\raytracingdemo.tlog\link.read.1.tlog
c:\users\jzn\documents\courses\2021-2022\3dprog\assignment 1 - ray tracer\mall\raytracingdemo\x64\release\raytracingdemo.tlog\link.write.1.tlog
